{
  "RSpec": {
    "coverage": {
      "/Users/hannahsarson/bloc/code/blocmetrics/app/helpers/application_helper.rb": [
        1,
        null
      ],
      "/Users/hannahsarson/bloc/code/blocmetrics/app/helpers/registered_applications_helper.rb": [
        1,
        null
      ],
      "/Users/hannahsarson/bloc/code/blocmetrics/app/helpers/users_helper.rb": [
        1,
        null
      ],
      "/Users/hannahsarson/bloc/code/blocmetrics/app/helpers/welcome_helper.rb": [
        1,
        null
      ],
      "/Users/hannahsarson/bloc/code/blocmetrics/app/controllers/api/events_controller.rb": [
        1,
        1,
        1,
        1,
        null,
        1,
        null,
        3,
        null,
        3,
        null,
        3,
        null,
        null,
        1,
        0,
        null,
        null,
        1,
        3,
        null,
        3,
        0,
        0,
        null,
        0,
        null,
        null,
        null,
        null,
        1,
        null,
        1,
        0,
        null,
        null
      ],
      "/Users/hannahsarson/bloc/code/blocmetrics/app/controllers/application_controller.rb": [
        1,
        1,
        1,
        null
      ],
      "/Users/hannahsarson/bloc/code/blocmetrics/app/models/registered_application.rb": [
        1,
        1,
        1,
        null
      ]
    },
    "timestamp": 1461291127
  }
}
