{
  "RSpec": {
    "coverage": {
      "/Users/hannahsarson/bloc/code/blocmetrics/app/helpers/application_helper.rb": [
        1,
        null
      ],
      "/Users/hannahsarson/bloc/code/blocmetrics/app/helpers/registered_applications_helper.rb": [
        1,
        null
      ],
      "/Users/hannahsarson/bloc/code/blocmetrics/app/helpers/users_helper.rb": [
        1,
        null
      ],
      "/Users/hannahsarson/bloc/code/blocmetrics/app/helpers/welcome_helper.rb": [
        1,
        null
      ],
      "/Users/hannahsarson/bloc/code/blocmetrics/app/controllers/api/events_controller.rb": [
        1,
        1,
        1,
        1,
        null,
        1,
        null,
        3,
        null,
        3,
        null,
        3,
        null,
        null,
        1,
        0,
        null,
        null,
        1,
        3,
        3,
        3,
        null,
        0,
        null,
        0,
        0,
        0,
        null,
        0,
        null,
        null,
        null,
        null,
        null,
        1,
        null,
        1,
        0,
        null,
        null
      ],
      "/Users/hannahsarson/bloc/code/blocmetrics/app/controllers/application_controller.rb": [
        1,
        1,
        1,
        null
      ],
      "/Users/hannahsarson/bloc/code/blocmetrics/spec/controllers/registered_applications_controller_spec.rb": [
        1,
        null,
        1,
        null,
        1,
        15,
        15,
        null,
        null,
        8,
        null,
        null,
        1,
        1,
        1,
        1,
        null,
        null,
        1,
        1,
        1,
        null,
        null,
        null,
        1,
        1,
        1,
        1,
        null,
        null,
        1,
        1,
        1,
        null,
        null,
        1,
        1,
        1,
        null,
        null,
        null,
        1,
        1,
        1,
        1,
        null,
        null,
        1,
        1,
        1,
        null,
        null,
        1,
        1,
        1,
        null,
        null,
        null,
        1,
        1,
        1,
        1,
        null,
        null,
        1,
        2,
        null,
        null,
        1,
        1,
        1,
        null,
        null,
        1,
        1,
        1,
        null,
        null,
        null,
        1,
        1,
        1,
        1,
        null,
        null,
        1,
        1,
        1,
        1,
        null,
        null,
        1,
        1,
        1,
        null,
        null,
        null,
        null
      ],
      "/Users/hannahsarson/bloc/code/blocmetrics/app/controllers/registered_applications_controller.rb": [
        1,
        null,
        1,
        2,
        null,
        null,
        1,
        3,
        3,
        null,
        null,
        1,
        3,
        3,
        null,
        null,
        1,
        4,
        4,
        null,
        4,
        4,
        4,
        null,
        0,
        0,
        null,
        null,
        null,
        1,
        3,
        3,
        null,
        3,
        3,
        3,
        null,
        null,
        null,
        1,
        1,
        4,
        null,
        null
      ],
      "/Users/hannahsarson/bloc/code/blocmetrics/spec/controllers/welcome_controller_spec.rb": [
        1,
        null,
        1,
        null,
        1,
        1,
        1,
        1,
        null,
        null,
        null,
        1,
        1,
        1,
        1,
        null,
        null,
        null,
        null
      ],
      "/Users/hannahsarson/bloc/code/blocmetrics/app/controllers/welcome_controller.rb": [
        1,
        1,
        null,
        null,
        1,
        null,
        null
      ],
      "/Users/hannahsarson/bloc/code/blocmetrics/spec/helpers/registered_applications_helper_spec.rb": [
        1,
        null,
        null,
        null,
        null,
        null,
        null,
        null,
        null,
        null,
        null,
        null,
        1,
        1,
        null
      ],
      "/Users/hannahsarson/bloc/code/blocmetrics/spec/models/event_spec.rb": [
        1,
        null,
        1,
        null,
        2,
        null,
        null
      ],
      "/Users/hannahsarson/bloc/code/blocmetrics/app/models/event.rb": [
        1,
        1,
        null
      ],
      "/Users/hannahsarson/bloc/code/blocmetrics/spec/models/registered_application_spec.rb": [
        1,
        null,
        1,
        2,
        null,
        null
      ],
      "/Users/hannahsarson/bloc/code/blocmetrics/app/models/registered_application.rb": [
        1,
        1,
        1,
        null
      ],
      "/Users/hannahsarson/bloc/code/blocmetrics/spec/models/user_spec.rb": [
        1,
        null,
        1,
        2,
        null
      ]
    },
    "timestamp": 1461899489
  }
}
